
<infinispan xmlns:xsi="http://www.w3.org/2001/XMLSchema-instance"
	xsi:schemaLocation="urn:infinispan:config:6.0 http://www.infinispan.org/schemas/infinispan-config-6.0.xsd" >


<namedCache name="named">
	<loaders passivation="false" shared="false" preload="true">


	<loader class="org.infinispan.loaders.cloud.CloudCacheStore" fetchPersistentState="false" ignoreModifications="false" purgeOnStartup="false">
	<properties>
	<property name="identity" value="AKIAIVKXQXFRBCJJRLPQ"/>
	<property name="password" value="Fof2dm0CzKiZ4alyjiyvcABMUUGhEFhROwwOyG9S"/>
	<property name="bucketPrefix" value="bleujins3bucket"/>
	<property name="requestTimeout" value="20000"/>
	<property name="cloudService" value="s3"/>
	<property name="secure" value="true"/>
	</properties>
	</loader>
	</loaders>
</namedCache>

 </infinispan>